[2026-03-18T21:14:38.007Z] === RENDER REQUEST ===
[2026-03-18T21:14:38.010Z] Raw body
{
  "template": "html-animator",
  "inputProps": {
    "templateUrl": "https://fresk.dev.cocon.center/campaigns/9/19/_template/a15513c5-60d8-4db8-9037-a79453c55183/index.html?index=0",
    "fields": [
      {
        "placeholder": "Cover|media",
        "value": null
      },
      {
        "placeholder": "Additional|inputText",
        "value": null
      },
      {
        "placeholder": "Headline|textarea",
        "value": null
      }
    ],
    "styles": {
      "primary_color": "f25e7a",
      "secondary_color": "022873",
      "tertiary_color": "05c7f2"
    },
    "logo": null
  },
  "width": 1080,
  "height": 1350,
  "fps": 30,
  "durationInSeconds": 8
}
[2026-03-18T21:14:38.012Z] Parsed template: html-animator
[2026-03-18T21:14:38.013Z] Parsed inputProps
{
  "templateUrl": "https://fresk.dev.cocon.center/campaigns/9/19/_template/a15513c5-60d8-4db8-9037-a79453c55183/index.html?index=0",
  "fields": [
    {
      "placeholder": "Cover|media",
      "value": null
    },
    {
      "placeholder": "Additional|inputText",
      "value": null
    },
    {
      "placeholder": "Headline|textarea",
      "value": null
    }
  ],
  "styles": {
    "primary_color": "f25e7a",
    "secondary_color": "022873",
    "tertiary_color": "05c7f2"
  },
  "logo": null
}
[2026-03-18T21:14:38.014Z] InputProps validation OK
[2026-03-18T21:15:56.951Z] === RENDER REQUEST ===
[2026-03-18T21:15:56.952Z] Raw body
{
  "template": "html-animator",
  "inputProps": {
    "templateUrl": "https://fresk.dev.cocon.center/campaigns/9/19/_template/a15513c5-60d8-4db8-9037-a79453c55183/index.html?index=0",
    "fields": [
      {
        "placeholder": "Cover|media",
        "value": "http://webserver/4132e53b-2b21-4548-9ed5-25c675054e29/uploads/toHXX42nVmLCDRm0inIvmAWvWaKLTL8opQi1ZOWn-optimized.webp"
      },
      {
        "placeholder": "Additional|inputText",
        "value": "This is additional"
      },
      {
        "placeholder": "Headline|textarea",
        "value": "This is a headline for the video"
      }
    ],
    "styles": {
      "primary_color": "f25e7a",
      "secondary_color": "022873",
      "tertiary_color": "05c7f2"
    },
    "logo": null
  },
  "width": 1080,
  "height": 1350,
  "fps": 30,
  "durationInSeconds": 8
}
[2026-03-18T21:15:56.954Z] Parsed template: html-animator
[2026-03-18T21:15:56.955Z] Parsed inputProps
{
  "templateUrl": "https://fresk.dev.cocon.center/campaigns/9/19/_template/a15513c5-60d8-4db8-9037-a79453c55183/index.html?index=0",
  "fields": [
    {
      "placeholder": "Cover|media",
      "value": "http://webserver/4132e53b-2b21-4548-9ed5-25c675054e29/uploads/toHXX42nVmLCDRm0inIvmAWvWaKLTL8opQi1ZOWn-optimized.webp"
    },
    {
      "placeholder": "Additional|inputText",
      "value": "This is additional"
    },
    {
      "placeholder": "Headline|textarea",
      "value": "This is a headline for the video"
    }
  ],
  "styles": {
    "primary_color": "f25e7a",
    "secondary_color": "022873",
    "tertiary_color": "05c7f2"
  },
  "logo": null
}
[2026-03-18T21:15:56.956Z] InputProps validation OK
[2026-03-18T21:23:32.157Z] === RENDER REQUEST ===
[2026-03-18T21:23:32.157Z] Raw body
{
  "template": "html-animator",
  "inputProps": {
    "templateUrl": "https://fresk.dev.cocon.center/campaigns/9/19/_template/a15513c5-60d8-4db8-9037-a79453c55183/index.html?index=0",
    "fields": [
      {
        "placeholder": "Cover|media",
        "value": null
      },
      {
        "placeholder": "Additional|inputText",
        "value": "This is additional"
      },
      {
        "placeholder": "Headline|textarea",
        "value": "This is headline"
      }
    ],
    "styles": {
      "primary_color": "f25e7a",
      "secondary_color": "022873",
      "tertiary_color": "05c7f2"
    },
    "logo": null
  },
  "width": 1080,
  "height": 1350,
  "fps": 30,
  "durationInSeconds": 8
}
[2026-03-18T21:23:32.159Z] Parsed template: html-animator
[2026-03-18T21:23:32.159Z] Parsed inputProps
{
  "templateUrl": "https://fresk.dev.cocon.center/campaigns/9/19/_template/a15513c5-60d8-4db8-9037-a79453c55183/index.html?index=0",
  "fields": [
    {
      "placeholder": "Cover|media",
      "value": null
    },
    {
      "placeholder": "Additional|inputText",
      "value": "This is additional"
    },
    {
      "placeholder": "Headline|textarea",
      "value": "This is headline"
    }
  ],
  "styles": {
    "primary_color": "f25e7a",
    "secondary_color": "022873",
    "tertiary_color": "05c7f2"
  },
  "logo": null
}
[2026-03-18T21:23:32.160Z] InputProps validation OK
[2026-03-18T21:27:37.209Z] === RENDER REQUEST ===
[2026-03-18T21:27:37.211Z] Raw body
{
  "template": "html-animator",
  "inputProps": {
    "templateUrl": "https://fresk.dev.cocon.center/campaigns/9/19/_template/a15513c5-60d8-4db8-9037-a79453c55183/index.html?index=0&key=remotion&customField__Q292ZXJ8bWVkaWE%3D=https%3A%2F%2Ffresk.dev.cocon.center%2F4132e53b-2b21-4548-9ed5-25c675054e29%2Fuploads%2FD9tIR37ypewlJINSA1l8d1c8NJel6ibG5GtBlpZ9-optimized.webp&customField__Q292ZXItZmllbGRUeXBlfGhpZGRlbg%3D%3D=image&customField__Q292ZXIteHxoaWRkZW4%3D=0.20545447856808868&customField__Q292ZXIteXxoaWRkZW4%3D=0.30560591264204545&customField__QWRkaXRpb25hbHxpbnB1dFRleHQ%3D=This+is+additional&customField__SGVhZGxpbmV8dGV4dGFyZWE%3D=HEADLINE+PART&primary_color=f25e7a&secondary_color=022873&tertiary_color=05c7f2"
  },
  "width": 1080,
  "height": 1350,
  "fps": 30,
  "durationInSeconds": 8
}
[2026-03-18T21:27:37.212Z] Parsed template: html-animator
[2026-03-18T21:27:37.212Z] Parsed inputProps
{
  "templateUrl": "https://fresk.dev.cocon.center/campaigns/9/19/_template/a15513c5-60d8-4db8-9037-a79453c55183/index.html?index=0&key=remotion&customField__Q292ZXJ8bWVkaWE%3D=https%3A%2F%2Ffresk.dev.cocon.center%2F4132e53b-2b21-4548-9ed5-25c675054e29%2Fuploads%2FD9tIR37ypewlJINSA1l8d1c8NJel6ibG5GtBlpZ9-optimized.webp&customField__Q292ZXItZmllbGRUeXBlfGhpZGRlbg%3D%3D=image&customField__Q292ZXIteHxoaWRkZW4%3D=0.20545447856808868&customField__Q292ZXIteXxoaWRkZW4%3D=0.30560591264204545&customField__QWRkaXRpb25hbHxpbnB1dFRleHQ%3D=This+is+additional&customField__SGVhZGxpbmV8dGV4dGFyZWE%3D=HEADLINE+PART&primary_color=f25e7a&secondary_color=022873&tertiary_color=05c7f2"
}
[2026-03-18T21:27:37.213Z] InputProps validation OK
[2026-03-18T21:36:00.464Z] === RENDER REQUEST ===
[2026-03-18T21:36:00.465Z] Raw body
{
  "template": "html-animator",
  "inputProps": {
    "templateUrl": "https://fresk.dev.cocon.center/campaigns/9/19/_template/a15513c5-60d8-4db8-9037-a79453c55183/index.html?index=0&key=remotion&customField__Q292ZXJ8bWVkaWE%3D=https%3A%2F%2Ffresk.dev.cocon.center%2F4132e53b-2b21-4548-9ed5-25c675054e29%2Fuploads%2F3fz1yxIySvBJBvnv2aWXJ3zD6fIht3EVWi7yg78w-optimized.webp&customField__Q292ZXItZmllbGRUeXBlfGhpZGRlbg%3D%3D=image&customField__Q292ZXIteHxoaWRkZW4%3D=0.5&customField__Q292ZXIteXxoaWRkZW4%3D=0.5&customField__QWRkaXRpb25hbHxpbnB1dFRleHQ%3D=Cumque+ut+sint+magna&customField__SGVhZGxpbmV8dGV4dGFyZWE%3D=Voluptatum+quia+qui+&primary_color=f25e7a&secondary_color=022873&tertiary_color=05c7f2"
  },
  "width": 1080,
  "height": 1350,
  "fps": 30,
  "durationInSeconds": 8
}
[2026-03-18T21:36:00.466Z] Parsed template: html-animator
[2026-03-18T21:36:00.466Z] Parsed inputProps
{
  "templateUrl": "https://fresk.dev.cocon.center/campaigns/9/19/_template/a15513c5-60d8-4db8-9037-a79453c55183/index.html?index=0&key=remotion&customField__Q292ZXJ8bWVkaWE%3D=https%3A%2F%2Ffresk.dev.cocon.center%2F4132e53b-2b21-4548-9ed5-25c675054e29%2Fuploads%2F3fz1yxIySvBJBvnv2aWXJ3zD6fIht3EVWi7yg78w-optimized.webp&customField__Q292ZXItZmllbGRUeXBlfGhpZGRlbg%3D%3D=image&customField__Q292ZXIteHxoaWRkZW4%3D=0.5&customField__Q292ZXIteXxoaWRkZW4%3D=0.5&customField__QWRkaXRpb25hbHxpbnB1dFRleHQ%3D=Cumque+ut+sint+magna&customField__SGVhZGxpbmV8dGV4dGFyZWE%3D=Voluptatum+quia+qui+&primary_color=f25e7a&secondary_color=022873&tertiary_color=05c7f2"
}
[2026-03-18T21:36:00.466Z] InputProps validation OK
[2026-03-18T21:43:19.555Z] === RENDER REQUEST ===
[2026-03-18T21:43:19.557Z] Raw body
{
  "template": "html-animator",
  "inputProps": {
    "templateUrl": "https://fresk.dev.cocon.center/campaigns/9/19/_template/a15513c5-60d8-4db8-9037-a79453c55183/index.html?index=0&key=remotion&customField__Q292ZXJ8bWVkaWE%3D=https%3A%2F%2Ffresk.dev.cocon.center%2F4132e53b-2b21-4548-9ed5-25c675054e29%2Fuploads%2Fb6L1z6IL88Vwl6WPtcGQkk71YoE9XfYkEX3EnKl6-optimized.webp&customField__Q292ZXItZmllbGRUeXBlfGhpZGRlbg%3D%3D=image&customField__Q292ZXIteHxoaWRkZW4%3D=0.5&customField__Q292ZXIteXxoaWRkZW4%3D=0.5&customField__QWRkaXRpb25hbHxpbnB1dFRleHQ%3D=This+is+additional&customField__SGVhZGxpbmV8dGV4dGFyZWE%3D=Custom+theme+to+show+here&primary_color=f25e7a&secondary_color=022873&tertiary_color=05c7f2&animation_style=ken-burns",
    "animationStyle": "ken-burns"
  },
  "width": 1080,
  "height": 1350,
  "fps": 30,
  "durationInSeconds": 8
}
[2026-03-18T21:43:19.559Z] Parsed template: html-animator
[2026-03-18T21:43:19.559Z] Parsed inputProps
{
  "templateUrl": "https://fresk.dev.cocon.center/campaigns/9/19/_template/a15513c5-60d8-4db8-9037-a79453c55183/index.html?index=0&key=remotion&customField__Q292ZXJ8bWVkaWE%3D=https%3A%2F%2Ffresk.dev.cocon.center%2F4132e53b-2b21-4548-9ed5-25c675054e29%2Fuploads%2Fb6L1z6IL88Vwl6WPtcGQkk71YoE9XfYkEX3EnKl6-optimized.webp&customField__Q292ZXItZmllbGRUeXBlfGhpZGRlbg%3D%3D=image&customField__Q292ZXIteHxoaWRkZW4%3D=0.5&customField__Q292ZXIteXxoaWRkZW4%3D=0.5&customField__QWRkaXRpb25hbHxpbnB1dFRleHQ%3D=This+is+additional&customField__SGVhZGxpbmV8dGV4dGFyZWE%3D=Custom+theme+to+show+here&primary_color=f25e7a&secondary_color=022873&tertiary_color=05c7f2&animation_style=ken-burns",
  "animationStyle": "ken-burns"
}
[2026-03-18T21:43:19.559Z] InputProps validation OK
[2026-03-18T21:43:59.413Z] === RENDER REQUEST ===
[2026-03-18T21:43:59.414Z] Raw body
{
  "template": "html-animator",
  "inputProps": {
    "templateUrl": "https://fresk.dev.cocon.center/campaigns/9/19/_template/a15513c5-60d8-4db8-9037-a79453c55183/index.html?index=0&key=remotion&customField__Q292ZXJ8bWVkaWE%3D=https%3A%2F%2Ffresk.dev.cocon.center%2F4132e53b-2b21-4548-9ed5-25c675054e29%2Fuploads%2Fb6L1z6IL88Vwl6WPtcGQkk71YoE9XfYkEX3EnKl6-optimized.webp&customField__Q292ZXItZmllbGRUeXBlfGhpZGRlbg%3D%3D=image&customField__Q292ZXIteHxoaWRkZW4%3D=0.5&customField__Q292ZXIteXxoaWRkZW4%3D=0.5&customField__QWRkaXRpb25hbHxpbnB1dFRleHQ%3D=This+is+additional&customField__SGVhZGxpbmV8dGV4dGFyZWE%3D=Custom+theme+to+show+here&primary_color=f25e7a&secondary_color=022873&tertiary_color=05c7f2&animation_style=field-reveal",
    "animationStyle": "field-reveal"
  },
  "width": 1080,
  "height": 1350,
  "fps": 30,
  "durationInSeconds": 8
}
[2026-03-18T21:43:59.415Z] Parsed template: html-animator
[2026-03-18T21:43:59.415Z] Parsed inputProps
{
  "templateUrl": "https://fresk.dev.cocon.center/campaigns/9/19/_template/a15513c5-60d8-4db8-9037-a79453c55183/index.html?index=0&key=remotion&customField__Q292ZXJ8bWVkaWE%3D=https%3A%2F%2Ffresk.dev.cocon.center%2F4132e53b-2b21-4548-9ed5-25c675054e29%2Fuploads%2Fb6L1z6IL88Vwl6WPtcGQkk71YoE9XfYkEX3EnKl6-optimized.webp&customField__Q292ZXItZmllbGRUeXBlfGhpZGRlbg%3D%3D=image&customField__Q292ZXIteHxoaWRkZW4%3D=0.5&customField__Q292ZXIteXxoaWRkZW4%3D=0.5&customField__QWRkaXRpb25hbHxpbnB1dFRleHQ%3D=This+is+additional&customField__SGVhZGxpbmV8dGV4dGFyZWE%3D=Custom+theme+to+show+here&primary_color=f25e7a&secondary_color=022873&tertiary_color=05c7f2&animation_style=field-reveal",
  "animationStyle": "field-reveal"
}
[2026-03-18T21:43:59.416Z] InputProps validation OK
[2026-03-18T21:44:43.948Z] === RENDER REQUEST ===
[2026-03-18T21:44:43.949Z] Raw body
{
  "template": "html-animator",
  "inputProps": {
    "templateUrl": "https://fresk.dev.cocon.center/campaigns/9/19/_template/a15513c5-60d8-4db8-9037-a79453c55183/index.html?index=0&key=remotion&customField__Q292ZXJ8bWVkaWE%3D=https%3A%2F%2Ffresk.dev.cocon.center%2F4132e53b-2b21-4548-9ed5-25c675054e29%2Fuploads%2Fb6L1z6IL88Vwl6WPtcGQkk71YoE9XfYkEX3EnKl6-optimized.webp&customField__Q292ZXItZmllbGRUeXBlfGhpZGRlbg%3D%3D=image&customField__Q292ZXIteHxoaWRkZW4%3D=0.5&customField__Q292ZXIteXxoaWRkZW4%3D=0.5&customField__QWRkaXRpb25hbHxpbnB1dFRleHQ%3D=This+is+additional&customField__SGVhZGxpbmV8dGV4dGFyZWE%3D=Custom+theme+to+show+here&primary_color=f25e7a&secondary_color=022873&tertiary_color=05c7f2&animation_style=slide-in",
    "animationStyle": "slide-in"
  },
  "width": 1080,
  "height": 1350,
  "fps": 30,
  "durationInSeconds": 8
}
[2026-03-18T21:44:43.953Z] Parsed template: html-animator
[2026-03-18T21:44:43.953Z] Parsed inputProps
{
  "templateUrl": "https://fresk.dev.cocon.center/campaigns/9/19/_template/a15513c5-60d8-4db8-9037-a79453c55183/index.html?index=0&key=remotion&customField__Q292ZXJ8bWVkaWE%3D=https%3A%2F%2Ffresk.dev.cocon.center%2F4132e53b-2b21-4548-9ed5-25c675054e29%2Fuploads%2Fb6L1z6IL88Vwl6WPtcGQkk71YoE9XfYkEX3EnKl6-optimized.webp&customField__Q292ZXItZmllbGRUeXBlfGhpZGRlbg%3D%3D=image&customField__Q292ZXIteHxoaWRkZW4%3D=0.5&customField__Q292ZXIteXxoaWRkZW4%3D=0.5&customField__QWRkaXRpb25hbHxpbnB1dFRleHQ%3D=This+is+additional&customField__SGVhZGxpbmV8dGV4dGFyZWE%3D=Custom+theme+to+show+here&primary_color=f25e7a&secondary_color=022873&tertiary_color=05c7f2&animation_style=slide-in",
  "animationStyle": "slide-in"
}
[2026-03-18T21:44:43.954Z] InputProps validation OK
[2026-03-18T21:49:03.824Z] === RENDER REQUEST ===
[2026-03-18T21:49:03.826Z] Raw body
{
  "template": "html-animator",
  "inputProps": {
    "templateUrl": "https://fresk.dev.cocon.center/campaigns/9/19/_template/a15513c5-60d8-4db8-9037-a79453c55183/index.html?index=0&key=remotion&customField__Q292ZXJ8bWVkaWE%3D=https%3A%2F%2Ffresk.dev.cocon.center%2F4132e53b-2b21-4548-9ed5-25c675054e29%2Fuploads%2FUxtKJTzaggoicY2bJMJcdeFk8NvTgAVq1yVVEZfb-optimized.webp&customField__Q292ZXItZmllbGRUeXBlfGhpZGRlbg%3D%3D=image&customField__Q292ZXIteHxoaWRkZW4%3D=0.5&customField__Q292ZXIteXxoaWRkZW4%3D=0.5&customField__QWRkaXRpb25hbHxpbnB1dFRleHQ%3D=This+is+additional&customField__SGVhZGxpbmV8dGV4dGFyZWE%3D=klm&primary_color=f25e7a&secondary_color=022873&tertiary_color=05c7f2&animation_style=text-highlight",
    "animationStyle": "text-highlight"
  },
  "width": 1080,
  "height": 1350,
  "fps": 30,
  "durationInSeconds": 8
}
[2026-03-18T21:49:03.828Z] Parsed template: html-animator
[2026-03-18T21:49:03.828Z] Parsed inputProps
{
  "templateUrl": "https://fresk.dev.cocon.center/campaigns/9/19/_template/a15513c5-60d8-4db8-9037-a79453c55183/index.html?index=0&key=remotion&customField__Q292ZXJ8bWVkaWE%3D=https%3A%2F%2Ffresk.dev.cocon.center%2F4132e53b-2b21-4548-9ed5-25c675054e29%2Fuploads%2FUxtKJTzaggoicY2bJMJcdeFk8NvTgAVq1yVVEZfb-optimized.webp&customField__Q292ZXItZmllbGRUeXBlfGhpZGRlbg%3D%3D=image&customField__Q292ZXIteHxoaWRkZW4%3D=0.5&customField__Q292ZXIteXxoaWRkZW4%3D=0.5&customField__QWRkaXRpb25hbHxpbnB1dFRleHQ%3D=This+is+additional&customField__SGVhZGxpbmV8dGV4dGFyZWE%3D=klm&primary_color=f25e7a&secondary_color=022873&tertiary_color=05c7f2&animation_style=text-highlight",
  "animationStyle": "text-highlight"
}
[2026-03-18T21:49:03.829Z] InputProps validation OK
[2026-03-18T21:49:54.702Z] === RENDER REQUEST ===
[2026-03-18T21:49:54.703Z] Raw body
{
  "template": "html-animator",
  "inputProps": {
    "templateUrl": "https://fresk.dev.cocon.center/campaigns/9/19/_template/a15513c5-60d8-4db8-9037-a79453c55183/index.html?index=0&key=remotion&customField__Q292ZXJ8bWVkaWE%3D=https%3A%2F%2Ffresk.dev.cocon.center%2F4132e53b-2b21-4548-9ed5-25c675054e29%2Fuploads%2FUxtKJTzaggoicY2bJMJcdeFk8NvTgAVq1yVVEZfb-optimized.webp&customField__Q292ZXItZmllbGRUeXBlfGhpZGRlbg%3D%3D=image&customField__Q292ZXIteHxoaWRkZW4%3D=0.5&customField__Q292ZXIteXxoaWRkZW4%3D=0.5&customField__QWRkaXRpb25hbHxpbnB1dFRleHQ%3D=This+is+additional&customField__SGVhZGxpbmV8dGV4dGFyZWE%3D=klm&primary_color=f25e7a&secondary_color=022873&tertiary_color=05c7f2&animation_style=text-highlight",
    "animationStyle": "text-highlight"
  },
  "width": 1080,
  "height": 1350,
  "fps": 30,
  "durationInSeconds": 8
}
[2026-03-18T21:49:54.705Z] Parsed template: html-animator
[2026-03-18T21:49:54.705Z] Parsed inputProps
{
  "templateUrl": "https://fresk.dev.cocon.center/campaigns/9/19/_template/a15513c5-60d8-4db8-9037-a79453c55183/index.html?index=0&key=remotion&customField__Q292ZXJ8bWVkaWE%3D=https%3A%2F%2Ffresk.dev.cocon.center%2F4132e53b-2b21-4548-9ed5-25c675054e29%2Fuploads%2FUxtKJTzaggoicY2bJMJcdeFk8NvTgAVq1yVVEZfb-optimized.webp&customField__Q292ZXItZmllbGRUeXBlfGhpZGRlbg%3D%3D=image&customField__Q292ZXIteHxoaWRkZW4%3D=0.5&customField__Q292ZXIteXxoaWRkZW4%3D=0.5&customField__QWRkaXRpb25hbHxpbnB1dFRleHQ%3D=This+is+additional&customField__SGVhZGxpbmV8dGV4dGFyZWE%3D=klm&primary_color=f25e7a&secondary_color=022873&tertiary_color=05c7f2&animation_style=text-highlight",
  "animationStyle": "text-highlight"
}
[2026-03-18T21:49:54.705Z] InputProps validation OK
[2026-03-18T21:50:33.035Z] === RENDER REQUEST ===
[2026-03-18T21:50:33.037Z] Raw body
{
  "template": "html-animator",
  "inputProps": {
    "templateUrl": "https://fresk.dev.cocon.center/campaigns/9/19/_template/a15513c5-60d8-4db8-9037-a79453c55183/index.html?index=0&key=remotion&customField__Q292ZXJ8bWVkaWE%3D=https%3A%2F%2Ffresk.dev.cocon.center%2F4132e53b-2b21-4548-9ed5-25c675054e29%2Fuploads%2FUxtKJTzaggoicY2bJMJcdeFk8NvTgAVq1yVVEZfb-optimized.webp&customField__Q292ZXItZmllbGRUeXBlfGhpZGRlbg%3D%3D=image&customField__Q292ZXIteHxoaWRkZW4%3D=0.5&customField__Q292ZXIteXxoaWRkZW4%3D=0.5&customField__QWRkaXRpb25hbHxpbnB1dFRleHQ%3D=This+is+additional&customField__SGVhZGxpbmV8dGV4dGFyZWE%3D=klm&primary_color=f25e7a&secondary_color=022873&tertiary_color=05c7f2&animation_style=text-highlight",
    "animationStyle": "text-highlight"
  },
  "width": 1080,
  "height": 1350,
  "fps": 30,
  "durationInSeconds": 8
}
[2026-03-18T21:50:33.038Z] Parsed template: html-animator
[2026-03-18T21:50:33.038Z] Parsed inputProps
{
  "templateUrl": "https://fresk.dev.cocon.center/campaigns/9/19/_template/a15513c5-60d8-4db8-9037-a79453c55183/index.html?index=0&key=remotion&customField__Q292ZXJ8bWVkaWE%3D=https%3A%2F%2Ffresk.dev.cocon.center%2F4132e53b-2b21-4548-9ed5-25c675054e29%2Fuploads%2FUxtKJTzaggoicY2bJMJcdeFk8NvTgAVq1yVVEZfb-optimized.webp&customField__Q292ZXItZmllbGRUeXBlfGhpZGRlbg%3D%3D=image&customField__Q292ZXIteHxoaWRkZW4%3D=0.5&customField__Q292ZXIteXxoaWRkZW4%3D=0.5&customField__QWRkaXRpb25hbHxpbnB1dFRleHQ%3D=This+is+additional&customField__SGVhZGxpbmV8dGV4dGFyZWE%3D=klm&primary_color=f25e7a&secondary_color=022873&tertiary_color=05c7f2&animation_style=text-highlight",
  "animationStyle": "text-highlight"
}
[2026-03-18T21:50:33.039Z] InputProps validation OK
[2026-03-18T21:52:26.927Z] === RENDER REQUEST ===
[2026-03-18T21:52:26.927Z] Raw body
{
  "template": "html-animator",
  "inputProps": {
    "templateUrl": "https://fresk.dev.cocon.center/campaigns/9/19/_template/a15513c5-60d8-4db8-9037-a79453c55183/index.html?index=0&key=remotion&customField__Q292ZXJ8bWVkaWE%3D=https%3A%2F%2Ffresk.dev.cocon.center%2F4132e53b-2b21-4548-9ed5-25c675054e29%2Fuploads%2FUxtKJTzaggoicY2bJMJcdeFk8NvTgAVq1yVVEZfb-optimized.webp&customField__Q292ZXItZmllbGRUeXBlfGhpZGRlbg%3D%3D=image&customField__Q292ZXIteHxoaWRkZW4%3D=0.5&customField__Q292ZXIteXxoaWRkZW4%3D=0.5&customField__QWRkaXRpb25hbHxpbnB1dFRleHQ%3D=This+is+additional&customField__SGVhZGxpbmV8dGV4dGFyZWE%3D=klm&primary_color=f25e7a&secondary_color=022873&tertiary_color=05c7f2&animation_style=wave-distort",
    "animationStyle": "wave-distort"
  },
  "width": 1080,
  "height": 1350,
  "fps": 30,
  "durationInSeconds": 8
}
[2026-03-18T21:52:26.929Z] Parsed template: html-animator
[2026-03-18T21:52:26.929Z] Parsed inputProps
{
  "templateUrl": "https://fresk.dev.cocon.center/campaigns/9/19/_template/a15513c5-60d8-4db8-9037-a79453c55183/index.html?index=0&key=remotion&customField__Q292ZXJ8bWVkaWE%3D=https%3A%2F%2Ffresk.dev.cocon.center%2F4132e53b-2b21-4548-9ed5-25c675054e29%2Fuploads%2FUxtKJTzaggoicY2bJMJcdeFk8NvTgAVq1yVVEZfb-optimized.webp&customField__Q292ZXItZmllbGRUeXBlfGhpZGRlbg%3D%3D=image&customField__Q292ZXIteHxoaWRkZW4%3D=0.5&customField__Q292ZXIteXxoaWRkZW4%3D=0.5&customField__QWRkaXRpb25hbHxpbnB1dFRleHQ%3D=This+is+additional&customField__SGVhZGxpbmV8dGV4dGFyZWE%3D=klm&primary_color=f25e7a&secondary_color=022873&tertiary_color=05c7f2&animation_style=wave-distort",
  "animationStyle": "wave-distort"
}
[2026-03-18T21:52:26.929Z] InputProps validation OK
[2026-03-18T21:59:04.241Z] === RENDER REQUEST ===
[2026-03-18T21:59:04.242Z] Raw body
{
  "template": "html-animator",
  "inputProps": {
    "templateUrl": "https://fresk.dev.cocon.center/campaigns/9/19/_template/a15513c5-60d8-4db8-9037-a79453c55183/index.html?index=0&key=remotion&customField__Q292ZXJ8bWVkaWE%3D=https%3A%2F%2Ffresk.dev.cocon.center%2F4132e53b-2b21-4548-9ed5-25c675054e29%2Fuploads%2FBvJzOgQ0rjZJHizR47kszMHZWk2vXiWyd7VCX2Ko-optimized.webp&customField__Q292ZXItZmllbGRUeXBlfGhpZGRlbg%3D%3D=image&customField__Q292ZXIteHxoaWRkZW4%3D=0.5&customField__Q292ZXIteXxoaWRkZW4%3D=0.5&customField__QWRkaXRpb25hbHxpbnB1dFRleHQ%3D=This+is+additional&customField__SGVhZGxpbmV8dGV4dGFyZWE%3D=This+is+the+headline&primary_color=f25e7a&secondary_color=022873&tertiary_color=05c7f2&animation_style=typed",
    "animationStyle": "typed",
    "textFields": [
      {
        "label": "Additional",
        "value": "This is additional"
      },
      {
        "label": "Headline",
        "value": "This is the headline"
      }
    ],
    "imageFields": [
      {
        "label": "Cover",
        "value": "https://fresk.dev.cocon.center/4132e53b-2b21-4548-9ed5-25c675054e29/uploads/BvJzOgQ0rjZJHizR47kszMHZWk2vXiWyd7VCX2Ko-optimized.webp"
      }
    ],
    "backgroundColor": "#f25e7a",
    "accentColor": "#022873",
    "textColor": "#ffffff",
    "logoUrl": null,
    "fontFamily": "Arial"
  },
  "width": 1080,
  "height": 1350,
  "fps": 30,
  "durationInSeconds": 8
}
[2026-03-18T21:59:04.244Z] Parsed template: html-animator
[2026-03-18T21:59:04.244Z] Parsed inputProps
{
  "templateUrl": "https://fresk.dev.cocon.center/campaigns/9/19/_template/a15513c5-60d8-4db8-9037-a79453c55183/index.html?index=0&key=remotion&customField__Q292ZXJ8bWVkaWE%3D=https%3A%2F%2Ffresk.dev.cocon.center%2F4132e53b-2b21-4548-9ed5-25c675054e29%2Fuploads%2FBvJzOgQ0rjZJHizR47kszMHZWk2vXiWyd7VCX2Ko-optimized.webp&customField__Q292ZXItZmllbGRUeXBlfGhpZGRlbg%3D%3D=image&customField__Q292ZXIteHxoaWRkZW4%3D=0.5&customField__Q292ZXIteXxoaWRkZW4%3D=0.5&customField__QWRkaXRpb25hbHxpbnB1dFRleHQ%3D=This+is+additional&customField__SGVhZGxpbmV8dGV4dGFyZWE%3D=This+is+the+headline&primary_color=f25e7a&secondary_color=022873&tertiary_color=05c7f2&animation_style=typed",
  "animationStyle": "typed",
  "textFields": [
    {
      "label": "Additional",
      "value": "This is additional"
    },
    {
      "label": "Headline",
      "value": "This is the headline"
    }
  ],
  "imageFields": [
    {
      "label": "Cover",
      "value": "https://fresk.dev.cocon.center/4132e53b-2b21-4548-9ed5-25c675054e29/uploads/BvJzOgQ0rjZJHizR47kszMHZWk2vXiWyd7VCX2Ko-optimized.webp"
    }
  ],
  "backgroundColor": "#f25e7a",
  "accentColor": "#022873",
  "textColor": "#ffffff",
  "logoUrl": null,
  "fontFamily": "Arial"
}
[2026-03-18T21:59:04.244Z] InputProps validation OK
[2026-03-18T22:01:56.168Z] === RENDER REQUEST ===
[2026-03-18T22:01:56.169Z] Raw body
{
  "template": "html-animator",
  "inputProps": {
    "templateUrl": "https://fresk.dev.cocon.center/campaigns/9/19/_template/a15513c5-60d8-4db8-9037-a79453c55183/index.html?index=0&key=remotion&customField__Q292ZXJ8bWVkaWE%3D=https%3A%2F%2Ffresk.dev.cocon.center%2F4132e53b-2b21-4548-9ed5-25c675054e29%2Fuploads%2FBvJzOgQ0rjZJHizR47kszMHZWk2vXiWyd7VCX2Ko-optimized.webp&customField__Q292ZXItZmllbGRUeXBlfGhpZGRlbg%3D%3D=image&customField__Q292ZXIteHxoaWRkZW4%3D=0.5&customField__Q292ZXIteXxoaWRkZW4%3D=0.5&customField__QWRkaXRpb25hbHxpbnB1dFRleHQ%3D=This+is+additional&customField__SGVhZGxpbmV8dGV4dGFyZWE%3D=This+is+the+headline&primary_color=f25e7a&secondary_color=022873&tertiary_color=05c7f2&animation_style=anime-text",
    "animationStyle": "anime-text",
    "textFields": [
      {
        "label": "Additional",
        "value": "This is additional"
      },
      {
        "label": "Headline",
        "value": "This is the headline"
      }
    ],
    "imageFields": [
      {
        "label": "Cover",
        "value": "https://fresk.dev.cocon.center/4132e53b-2b21-4548-9ed5-25c675054e29/uploads/BvJzOgQ0rjZJHizR47kszMHZWk2vXiWyd7VCX2Ko-optimized.webp"
      }
    ],
    "backgroundColor": "#f25e7a",
    "accentColor": "#022873",
    "textColor": "#ffffff",
    "logoUrl": null,
    "fontFamily": "Arial"
  },
  "width": 1080,
  "height": 1350,
  "fps": 30,
  "durationInSeconds": 8
}
[2026-03-18T22:01:56.171Z] Parsed template: html-animator
[2026-03-18T22:01:56.171Z] Parsed inputProps
{
  "templateUrl": "https://fresk.dev.cocon.center/campaigns/9/19/_template/a15513c5-60d8-4db8-9037-a79453c55183/index.html?index=0&key=remotion&customField__Q292ZXJ8bWVkaWE%3D=https%3A%2F%2Ffresk.dev.cocon.center%2F4132e53b-2b21-4548-9ed5-25c675054e29%2Fuploads%2FBvJzOgQ0rjZJHizR47kszMHZWk2vXiWyd7VCX2Ko-optimized.webp&customField__Q292ZXItZmllbGRUeXBlfGhpZGRlbg%3D%3D=image&customField__Q292ZXIteHxoaWRkZW4%3D=0.5&customField__Q292ZXIteXxoaWRkZW4%3D=0.5&customField__QWRkaXRpb25hbHxpbnB1dFRleHQ%3D=This+is+additional&customField__SGVhZGxpbmV8dGV4dGFyZWE%3D=This+is+the+headline&primary_color=f25e7a&secondary_color=022873&tertiary_color=05c7f2&animation_style=anime-text",
  "animationStyle": "anime-text",
  "textFields": [
    {
      "label": "Additional",
      "value": "This is additional"
    },
    {
      "label": "Headline",
      "value": "This is the headline"
    }
  ],
  "imageFields": [
    {
      "label": "Cover",
      "value": "https://fresk.dev.cocon.center/4132e53b-2b21-4548-9ed5-25c675054e29/uploads/BvJzOgQ0rjZJHizR47kszMHZWk2vXiWyd7VCX2Ko-optimized.webp"
    }
  ],
  "backgroundColor": "#f25e7a",
  "accentColor": "#022873",
  "textColor": "#ffffff",
  "logoUrl": null,
  "fontFamily": "Arial"
}
[2026-03-18T22:01:56.172Z] InputProps validation OK
[2026-03-18T22:03:05.506Z] === RENDER REQUEST ===
[2026-03-18T22:03:05.508Z] Raw body
{
  "template": "html-animator",
  "inputProps": {
    "templateUrl": "https://fresk.dev.cocon.center/campaigns/9/19/_template/a15513c5-60d8-4db8-9037-a79453c55183/index.html?index=0&key=remotion&customField__Q292ZXJ8bWVkaWE%3D=&customField__Q292ZXItZmllbGRUeXBlfGhpZGRlbg%3D%3D=image&customField__Q292ZXIteHxoaWRkZW4%3D=0.5&customField__Q292ZXIteXxoaWRkZW4%3D=0.5&customField__QWRkaXRpb25hbHxpbnB1dFRleHQ%3D=Inventore+explicabo&customField__SGVhZGxpbmV8dGV4dGFyZWE%3D=Cum+impedit+ut+plac&primary_color=f25e7a&secondary_color=022873&tertiary_color=05c7f2&animation_style=typed",
    "animationStyle": "typed",
    "textFields": [
      {
        "label": "Additional",
        "value": "Inventore explicabo"
      },
      {
        "label": "Headline",
        "value": "Cum impedit ut plac"
      }
    ],
    "imageFields": [
      {
        "label": "Cover",
        "value": null
      }
    ],
    "backgroundColor": "#f25e7a",
    "accentColor": "#022873",
    "textColor": "#ffffff",
    "logoUrl": null,
    "fontFamily": "Arial"
  },
  "width": 1080,
  "height": 1350,
  "fps": 30,
  "durationInSeconds": 8
}
[2026-03-18T22:03:05.512Z] Parsed template: html-animator
[2026-03-18T22:03:05.512Z] Parsed inputProps
{
  "templateUrl": "https://fresk.dev.cocon.center/campaigns/9/19/_template/a15513c5-60d8-4db8-9037-a79453c55183/index.html?index=0&key=remotion&customField__Q292ZXJ8bWVkaWE%3D=&customField__Q292ZXItZmllbGRUeXBlfGhpZGRlbg%3D%3D=image&customField__Q292ZXIteHxoaWRkZW4%3D=0.5&customField__Q292ZXIteXxoaWRkZW4%3D=0.5&customField__QWRkaXRpb25hbHxpbnB1dFRleHQ%3D=Inventore+explicabo&customField__SGVhZGxpbmV8dGV4dGFyZWE%3D=Cum+impedit+ut+plac&primary_color=f25e7a&secondary_color=022873&tertiary_color=05c7f2&animation_style=typed",
  "animationStyle": "typed",
  "textFields": [
    {
      "label": "Additional",
      "value": "Inventore explicabo"
    },
    {
      "label": "Headline",
      "value": "Cum impedit ut plac"
    }
  ],
  "imageFields": [
    {
      "label": "Cover",
      "value": null
    }
  ],
  "backgroundColor": "#f25e7a",
  "accentColor": "#022873",
  "textColor": "#ffffff",
  "logoUrl": null,
  "fontFamily": "Arial"
}
[2026-03-18T22:03:05.513Z] InputProps validation FAILED: imageFields.0.value: Expected string, received null
[2026-03-18T22:03:13.603Z] === RENDER REQUEST ===
[2026-03-18T22:03:13.604Z] Raw body
{
  "template": "html-animator",
  "inputProps": {
    "templateUrl": "https://fresk.dev.cocon.center/campaigns/9/19/_template/a15513c5-60d8-4db8-9037-a79453c55183/index.html?index=0&key=remotion&customField__Q292ZXJ8bWVkaWE%3D=&customField__Q292ZXItZmllbGRUeXBlfGhpZGRlbg%3D%3D=image&customField__Q292ZXIteHxoaWRkZW4%3D=0.5&customField__Q292ZXIteXxoaWRkZW4%3D=0.5&customField__QWRkaXRpb25hbHxpbnB1dFRleHQ%3D=Inventore+explicabo&customField__SGVhZGxpbmV8dGV4dGFyZWE%3D=Cum+impedit+ut+plac&primary_color=f25e7a&secondary_color=022873&tertiary_color=05c7f2&animation_style=typed",
    "animationStyle": "typed",
    "textFields": [
      {
        "label": "Additional",
        "value": "Inventore explicabo"
      },
      {
        "label": "Headline",
        "value": "Cum impedit ut plac"
      }
    ],
    "imageFields": [
      {
        "label": "Cover",
        "value": null
      }
    ],
    "backgroundColor": "#f25e7a",
    "accentColor": "#022873",
    "textColor": "#ffffff",
    "logoUrl": null,
    "fontFamily": "Arial"
  },
  "width": 1080,
  "height": 1350,
  "fps": 30,
  "durationInSeconds": 8
}
[2026-03-18T22:03:13.604Z] Parsed template: html-animator
[2026-03-18T22:03:13.605Z] Parsed inputProps
{
  "templateUrl": "https://fresk.dev.cocon.center/campaigns/9/19/_template/a15513c5-60d8-4db8-9037-a79453c55183/index.html?index=0&key=remotion&customField__Q292ZXJ8bWVkaWE%3D=&customField__Q292ZXItZmllbGRUeXBlfGhpZGRlbg%3D%3D=image&customField__Q292ZXIteHxoaWRkZW4%3D=0.5&customField__Q292ZXIteXxoaWRkZW4%3D=0.5&customField__QWRkaXRpb25hbHxpbnB1dFRleHQ%3D=Inventore+explicabo&customField__SGVhZGxpbmV8dGV4dGFyZWE%3D=Cum+impedit+ut+plac&primary_color=f25e7a&secondary_color=022873&tertiary_color=05c7f2&animation_style=typed",
  "animationStyle": "typed",
  "textFields": [
    {
      "label": "Additional",
      "value": "Inventore explicabo"
    },
    {
      "label": "Headline",
      "value": "Cum impedit ut plac"
    }
  ],
  "imageFields": [
    {
      "label": "Cover",
      "value": null
    }
  ],
  "backgroundColor": "#f25e7a",
  "accentColor": "#022873",
  "textColor": "#ffffff",
  "logoUrl": null,
  "fontFamily": "Arial"
}
[2026-03-18T22:03:13.605Z] InputProps validation FAILED: imageFields.0.value: Expected string, received null
[2026-03-18T22:04:50.176Z] === RENDER REQUEST ===
[2026-03-18T22:04:50.179Z] Raw body
{
  "template": "html-animator",
  "inputProps": {
    "templateUrl": "https://fresk.dev.cocon.center/campaigns/9/19/_template/a15513c5-60d8-4db8-9037-a79453c55183/index.html?index=0&key=remotion&customField__Q292ZXJ8bWVkaWE%3D=&customField__Q292ZXItZmllbGRUeXBlfGhpZGRlbg%3D%3D=image&customField__Q292ZXIteHxoaWRkZW4%3D=0.5&customField__Q292ZXIteXxoaWRkZW4%3D=0.5&customField__QWRkaXRpb25hbHxpbnB1dFRleHQ%3D=Voluptatem+consequat&customField__SGVhZGxpbmV8dGV4dGFyZWE%3D=Ea+fugit+accusamus+&primary_color=f25e7a&secondary_color=022873&tertiary_color=05c7f2&animation_style=field-reveal",
    "animationStyle": "field-reveal"
  },
  "width": 1080,
  "height": 1350,
  "fps": 30,
  "durationInSeconds": 8
}
[2026-03-18T22:04:50.180Z] Parsed template: html-animator
[2026-03-18T22:04:50.180Z] Parsed inputProps
{
  "templateUrl": "https://fresk.dev.cocon.center/campaigns/9/19/_template/a15513c5-60d8-4db8-9037-a79453c55183/index.html?index=0&key=remotion&customField__Q292ZXJ8bWVkaWE%3D=&customField__Q292ZXItZmllbGRUeXBlfGhpZGRlbg%3D%3D=image&customField__Q292ZXIteHxoaWRkZW4%3D=0.5&customField__Q292ZXIteXxoaWRkZW4%3D=0.5&customField__QWRkaXRpb25hbHxpbnB1dFRleHQ%3D=Voluptatem+consequat&customField__SGVhZGxpbmV8dGV4dGFyZWE%3D=Ea+fugit+accusamus+&primary_color=f25e7a&secondary_color=022873&tertiary_color=05c7f2&animation_style=field-reveal",
  "animationStyle": "field-reveal"
}
[2026-03-18T22:04:50.180Z] InputProps validation OK
[2026-03-18T22:04:58.471Z] === RENDER REQUEST ===
[2026-03-18T22:04:58.472Z] Raw body
{
  "template": "html-animator",
  "inputProps": {
    "templateUrl": "https://fresk.dev.cocon.center/campaigns/9/19/_template/a15513c5-60d8-4db8-9037-a79453c55183/index.html?index=0&key=remotion&customField__Q292ZXJ8bWVkaWE%3D=&customField__Q292ZXItZmllbGRUeXBlfGhpZGRlbg%3D%3D=image&customField__Q292ZXIteHxoaWRkZW4%3D=0.5&customField__Q292ZXIteXxoaWRkZW4%3D=0.5&customField__QWRkaXRpb25hbHxpbnB1dFRleHQ%3D=Voluptatem+consequat&customField__SGVhZGxpbmV8dGV4dGFyZWE%3D=Ea+fugit+accusamus+&primary_color=f25e7a&secondary_color=022873&tertiary_color=05c7f2&animation_style=typed",
    "animationStyle": "typed"
  },
  "width": 1080,
  "height": 1350,
  "fps": 30,
  "durationInSeconds": 8
}
[2026-03-18T22:04:58.473Z] Parsed template: html-animator
[2026-03-18T22:04:58.473Z] Parsed inputProps
{
  "templateUrl": "https://fresk.dev.cocon.center/campaigns/9/19/_template/a15513c5-60d8-4db8-9037-a79453c55183/index.html?index=0&key=remotion&customField__Q292ZXJ8bWVkaWE%3D=&customField__Q292ZXItZmllbGRUeXBlfGhpZGRlbg%3D%3D=image&customField__Q292ZXIteHxoaWRkZW4%3D=0.5&customField__Q292ZXIteXxoaWRkZW4%3D=0.5&customField__QWRkaXRpb25hbHxpbnB1dFRleHQ%3D=Voluptatem+consequat&customField__SGVhZGxpbmV8dGV4dGFyZWE%3D=Ea+fugit+accusamus+&primary_color=f25e7a&secondary_color=022873&tertiary_color=05c7f2&animation_style=typed",
  "animationStyle": "typed"
}
[2026-03-18T22:04:58.473Z] InputProps validation OK
[2026-03-18T22:09:01.471Z] === RENDER REQUEST ===
[2026-03-18T22:09:01.474Z] Raw body
{
  "template": "html-animator",
  "inputProps": {
    "templateUrl": "https://fresk.dev.cocon.center/campaigns/9/19/_template/a15513c5-60d8-4db8-9037-a79453c55183/index.html?index=0&key=remotion&customField__Q292ZXJ8bWVkaWE%3D=&customField__Q292ZXItZmllbGRUeXBlfGhpZGRlbg%3D%3D=image&customField__Q292ZXIteHxoaWRkZW4%3D=0.5&customField__Q292ZXIteXxoaWRkZW4%3D=0.5&customField__QWRkaXRpb25hbHxpbnB1dFRleHQ%3D=Enim+et+aliquam+et+c&customField__SGVhZGxpbmV8dGV4dGFyZWE%3D=In+fugiat+totam+nos&primary_color=f25e7a&secondary_color=022873&tertiary_color=05c7f2&animation_style=typed",
    "animationStyle": "typed"
  },
  "width": 1080,
  "height": 1350,
  "fps": 30,
  "durationInSeconds": 8
}
[2026-03-18T22:09:01.476Z] Parsed template: html-animator
[2026-03-18T22:09:01.476Z] Parsed inputProps
{
  "templateUrl": "https://fresk.dev.cocon.center/campaigns/9/19/_template/a15513c5-60d8-4db8-9037-a79453c55183/index.html?index=0&key=remotion&customField__Q292ZXJ8bWVkaWE%3D=&customField__Q292ZXItZmllbGRUeXBlfGhpZGRlbg%3D%3D=image&customField__Q292ZXIteHxoaWRkZW4%3D=0.5&customField__Q292ZXIteXxoaWRkZW4%3D=0.5&customField__QWRkaXRpb25hbHxpbnB1dFRleHQ%3D=Enim+et+aliquam+et+c&customField__SGVhZGxpbmV8dGV4dGFyZWE%3D=In+fugiat+totam+nos&primary_color=f25e7a&secondary_color=022873&tertiary_color=05c7f2&animation_style=typed",
  "animationStyle": "typed"
}
[2026-03-18T22:09:01.476Z] InputProps validation OK
[2026-03-19T08:01:02.835Z] === RENDER REQUEST ===
[2026-03-19T08:01:02.838Z] Raw body
{
  "template": "html-animator",
  "inputProps": {
    "templateUrl": "https://fresk.dev.cocon.center/campaigns/9/19/_template/a15513c5-60d8-4db8-9037-a79453c55183/index.html?index=0&key=remotion&customField__Q292ZXJ8bWVkaWE%3D=&customField__Q292ZXItZmllbGRUeXBlfGhpZGRlbg%3D%3D=image&customField__Q292ZXIteHxoaWRkZW4%3D=0.5&customField__Q292ZXIteXxoaWRkZW4%3D=0.5&customField__QWRkaXRpb25hbHxpbnB1dFRleHQ%3D=Minima+est+molestiae&customField__SGVhZGxpbmV8dGV4dGFyZWE%3D=Eiusmod+similique+qu&primary_color=f25e7a&secondary_color=022873&tertiary_color=05c7f2&animation_style=typed",
    "animationStyle": "typed",
    "fields": [
      {
        "placeholder": "Cover",
        "type": "media",
        "value": null
      },
      {
        "placeholder": "Additional",
        "type": "inputText",
        "value": "Minima est molestiae"
      },
      {
        "placeholder": "Headline",
        "type": "textarea",
        "value": "Eiusmod similique qu"
      }
    ],
    "styles": {
      "primary_color": "f25e7a",
      "secondary_color": "022873",
      "tertiary_color": "05c7f2"
    }
  },
  "width": 1080,
  "height": 1350,
  "fps": 30,
  "durationInSeconds": 8
}
[2026-03-19T08:01:02.839Z] Parsed template: html-animator
[2026-03-19T08:01:02.840Z] Parsed inputProps
{
  "templateUrl": "https://fresk.dev.cocon.center/campaigns/9/19/_template/a15513c5-60d8-4db8-9037-a79453c55183/index.html?index=0&key=remotion&customField__Q292ZXJ8bWVkaWE%3D=&customField__Q292ZXItZmllbGRUeXBlfGhpZGRlbg%3D%3D=image&customField__Q292ZXIteHxoaWRkZW4%3D=0.5&customField__Q292ZXIteXxoaWRkZW4%3D=0.5&customField__QWRkaXRpb25hbHxpbnB1dFRleHQ%3D=Minima+est+molestiae&customField__SGVhZGxpbmV8dGV4dGFyZWE%3D=Eiusmod+similique+qu&primary_color=f25e7a&secondary_color=022873&tertiary_color=05c7f2&animation_style=typed",
  "animationStyle": "typed",
  "fields": [
    {
      "placeholder": "Cover",
      "type": "media",
      "value": null
    },
    {
      "placeholder": "Additional",
      "type": "inputText",
      "value": "Minima est molestiae"
    },
    {
      "placeholder": "Headline",
      "type": "textarea",
      "value": "Eiusmod similique qu"
    }
  ],
  "styles": {
    "primary_color": "f25e7a",
    "secondary_color": "022873",
    "tertiary_color": "05c7f2"
  }
}
[2026-03-19T08:01:02.841Z] InputProps validation OK
[2026-03-19T08:16:43.925Z] === RENDER REQUEST ===
[2026-03-19T08:16:43.928Z] Raw body
{
  "template": "html-animator",
  "inputProps": {
    "templateUrl": "https://fresk.dev.cocon.center/campaigns/9/19/_template/a15513c5-60d8-4db8-9037-a79453c55183/index.html?index=0&key=remotion&customField__Q292ZXJ8bWVkaWE%3D=&customField__Q292ZXItZmllbGRUeXBlfGhpZGRlbg%3D%3D=image&customField__Q292ZXIteHxoaWRkZW4%3D=0.5&customField__Q292ZXIteXxoaWRkZW4%3D=0.5&customField__QWRkaXRpb25hbHxpbnB1dFRleHQ%3D=Deleniti+laboriosam&customField__SGVhZGxpbmV8dGV4dGFyZWE%3D=Sunt+nulla+id+veniam&primary_color=f25e7a&secondary_color=022873&tertiary_color=05c7f2&animation_style=typed",
    "animationStyle": "typed"
  },
  "width": 1080,
  "height": 1350,
  "fps": 30,
  "durationInSeconds": 8
}
[2026-03-19T08:16:43.929Z] Parsed template: html-animator
[2026-03-19T08:16:43.930Z] Parsed inputProps
{
  "templateUrl": "https://fresk.dev.cocon.center/campaigns/9/19/_template/a15513c5-60d8-4db8-9037-a79453c55183/index.html?index=0&key=remotion&customField__Q292ZXJ8bWVkaWE%3D=&customField__Q292ZXItZmllbGRUeXBlfGhpZGRlbg%3D%3D=image&customField__Q292ZXIteHxoaWRkZW4%3D=0.5&customField__Q292ZXIteXxoaWRkZW4%3D=0.5&customField__QWRkaXRpb25hbHxpbnB1dFRleHQ%3D=Deleniti+laboriosam&customField__SGVhZGxpbmV8dGV4dGFyZWE%3D=Sunt+nulla+id+veniam&primary_color=f25e7a&secondary_color=022873&tertiary_color=05c7f2&animation_style=typed",
  "animationStyle": "typed"
}
[2026-03-19T08:16:43.930Z] InputProps validation OK
[2026-03-19T08:17:47.167Z] === RENDER REQUEST ===
[2026-03-19T08:17:47.168Z] Raw body
{
  "template": "html-animator",
  "inputProps": {
    "templateUrl": "https://fresk.dev.cocon.center/campaigns/9/19/_template/a15513c5-60d8-4db8-9037-a79453c55183/index.html?index=0&key=remotion&customField__Q292ZXJ8bWVkaWE%3D=&customField__Q292ZXItZmllbGRUeXBlfGhpZGRlbg%3D%3D=image&customField__Q292ZXIteHxoaWRkZW4%3D=0.5&customField__Q292ZXIteXxoaWRkZW4%3D=0.5&customField__QWRkaXRpb25hbHxpbnB1dFRleHQ%3D=Deleniti+laboriosam&customField__SGVhZGxpbmV8dGV4dGFyZWE%3D=Sunt+nulla+id+veniam&primary_color=f25e7a&secondary_color=022873&tertiary_color=05c7f2&animation_style=wave-distort",
    "animationStyle": "wave-distort"
  },
  "width": 1080,
  "height": 1350,
  "fps": 30,
  "durationInSeconds": 8
}
[2026-03-19T08:17:47.169Z] Parsed template: html-animator
[2026-03-19T08:17:47.169Z] Parsed inputProps
{
  "templateUrl": "https://fresk.dev.cocon.center/campaigns/9/19/_template/a15513c5-60d8-4db8-9037-a79453c55183/index.html?index=0&key=remotion&customField__Q292ZXJ8bWVkaWE%3D=&customField__Q292ZXItZmllbGRUeXBlfGhpZGRlbg%3D%3D=image&customField__Q292ZXIteHxoaWRkZW4%3D=0.5&customField__Q292ZXIteXxoaWRkZW4%3D=0.5&customField__QWRkaXRpb25hbHxpbnB1dFRleHQ%3D=Deleniti+laboriosam&customField__SGVhZGxpbmV8dGV4dGFyZWE%3D=Sunt+nulla+id+veniam&primary_color=f25e7a&secondary_color=022873&tertiary_color=05c7f2&animation_style=wave-distort",
  "animationStyle": "wave-distort"
}
[2026-03-19T08:17:47.170Z] InputProps validation OK
[2026-03-19T08:18:15.585Z] === RENDER REQUEST ===
[2026-03-19T08:18:15.586Z] Raw body
{
  "template": "html-animator",
  "inputProps": {
    "templateUrl": "https://fresk.dev.cocon.center/campaigns/9/19/_template/a15513c5-60d8-4db8-9037-a79453c55183/index.html?index=0&key=remotion&customField__Q292ZXJ8bWVkaWE%3D=&customField__Q292ZXItZmllbGRUeXBlfGhpZGRlbg%3D%3D=image&customField__Q292ZXIteHxoaWRkZW4%3D=0.5&customField__Q292ZXIteXxoaWRkZW4%3D=0.5&customField__QWRkaXRpb25hbHxpbnB1dFRleHQ%3D=Deleniti+laboriosam&customField__SGVhZGxpbmV8dGV4dGFyZWE%3D=Sunt+nulla+id+veniam&primary_color=f25e7a&secondary_color=022873&tertiary_color=05c7f2&animation_style=text-highlight",
    "animationStyle": "text-highlight"
  },
  "width": 1080,
  "height": 1350,
  "fps": 30,
  "durationInSeconds": 8
}
[2026-03-19T08:18:15.586Z] Parsed template: html-animator
[2026-03-19T08:18:15.587Z] Parsed inputProps
{
  "templateUrl": "https://fresk.dev.cocon.center/campaigns/9/19/_template/a15513c5-60d8-4db8-9037-a79453c55183/index.html?index=0&key=remotion&customField__Q292ZXJ8bWVkaWE%3D=&customField__Q292ZXItZmllbGRUeXBlfGhpZGRlbg%3D%3D=image&customField__Q292ZXIteHxoaWRkZW4%3D=0.5&customField__Q292ZXIteXxoaWRkZW4%3D=0.5&customField__QWRkaXRpb25hbHxpbnB1dFRleHQ%3D=Deleniti+laboriosam&customField__SGVhZGxpbmV8dGV4dGFyZWE%3D=Sunt+nulla+id+veniam&primary_color=f25e7a&secondary_color=022873&tertiary_color=05c7f2&animation_style=text-highlight",
  "animationStyle": "text-highlight"
}
[2026-03-19T08:18:15.587Z] InputProps validation OK
[2026-03-19T08:18:47.023Z] === RENDER REQUEST ===
[2026-03-19T08:18:47.024Z] Raw body
{
  "template": "html-animator",
  "inputProps": {
    "templateUrl": "https://fresk.dev.cocon.center/campaigns/9/19/_template/a15513c5-60d8-4db8-9037-a79453c55183/index.html?index=0&key=remotion&customField__Q292ZXJ8bWVkaWE%3D=&customField__Q292ZXItZmllbGRUeXBlfGhpZGRlbg%3D%3D=image&customField__Q292ZXIteHxoaWRkZW4%3D=0.5&customField__Q292ZXIteXxoaWRkZW4%3D=0.5&customField__QWRkaXRpb25hbHxpbnB1dFRleHQ%3D=Deleniti+laboriosam&customField__SGVhZGxpbmV8dGV4dGFyZWE%3D=Sunt+nulla+id+veniam&primary_color=f25e7a&secondary_color=022873&tertiary_color=05c7f2&animation_style=cinematic-bars",
    "animationStyle": "cinematic-bars"
  },
  "width": 1080,
  "height": 1350,
  "fps": 30,
  "durationInSeconds": 8
}
[2026-03-19T08:18:47.025Z] Parsed template: html-animator
[2026-03-19T08:18:47.025Z] Parsed inputProps
{
  "templateUrl": "https://fresk.dev.cocon.center/campaigns/9/19/_template/a15513c5-60d8-4db8-9037-a79453c55183/index.html?index=0&key=remotion&customField__Q292ZXJ8bWVkaWE%3D=&customField__Q292ZXItZmllbGRUeXBlfGhpZGRlbg%3D%3D=image&customField__Q292ZXIteHxoaWRkZW4%3D=0.5&customField__Q292ZXIteXxoaWRkZW4%3D=0.5&customField__QWRkaXRpb25hbHxpbnB1dFRleHQ%3D=Deleniti+laboriosam&customField__SGVhZGxpbmV8dGV4dGFyZWE%3D=Sunt+nulla+id+veniam&primary_color=f25e7a&secondary_color=022873&tertiary_color=05c7f2&animation_style=cinematic-bars",
  "animationStyle": "cinematic-bars"
}
[2026-03-19T08:18:47.025Z] InputProps validation OK
[2026-03-19T08:19:19.903Z] === RENDER REQUEST ===
[2026-03-19T08:19:19.904Z] Raw body
{
  "template": "html-animator",
  "inputProps": {
    "templateUrl": "https://fresk.dev.cocon.center/campaigns/9/19/_template/a15513c5-60d8-4db8-9037-a79453c55183/index.html?index=0&key=remotion&customField__Q292ZXJ8bWVkaWE%3D=&customField__Q292ZXItZmllbGRUeXBlfGhpZGRlbg%3D%3D=image&customField__Q292ZXIteHxoaWRkZW4%3D=0.5&customField__Q292ZXIteXxoaWRkZW4%3D=0.5&customField__QWRkaXRpb25hbHxpbnB1dFRleHQ%3D=Deleniti+laboriosam&customField__SGVhZGxpbmV8dGV4dGFyZWE%3D=Sunt+nulla+id+veniam&primary_color=f25e7a&secondary_color=022873&tertiary_color=05c7f2&animation_style=blur-focus",
    "animationStyle": "blur-focus"
  },
  "width": 1080,
  "height": 1350,
  "fps": 30,
  "durationInSeconds": 8
}
[2026-03-19T08:19:19.904Z] Parsed template: html-animator
[2026-03-19T08:19:19.905Z] Parsed inputProps
{
  "templateUrl": "https://fresk.dev.cocon.center/campaigns/9/19/_template/a15513c5-60d8-4db8-9037-a79453c55183/index.html?index=0&key=remotion&customField__Q292ZXJ8bWVkaWE%3D=&customField__Q292ZXItZmllbGRUeXBlfGhpZGRlbg%3D%3D=image&customField__Q292ZXIteHxoaWRkZW4%3D=0.5&customField__Q292ZXIteXxoaWRkZW4%3D=0.5&customField__QWRkaXRpb25hbHxpbnB1dFRleHQ%3D=Deleniti+laboriosam&customField__SGVhZGxpbmV8dGV4dGFyZWE%3D=Sunt+nulla+id+veniam&primary_color=f25e7a&secondary_color=022873&tertiary_color=05c7f2&animation_style=blur-focus",
  "animationStyle": "blur-focus"
}
[2026-03-19T08:19:19.905Z] InputProps validation OK
[2026-03-19T08:20:03.213Z] === RENDER REQUEST ===
[2026-03-19T08:20:03.216Z] Raw body
{
  "template": "html-animator",
  "inputProps": {
    "templateUrl": "https://fresk.dev.cocon.center/campaigns/9/19/_template/a15513c5-60d8-4db8-9037-a79453c55183/index.html?index=0&key=remotion&customField__Q292ZXJ8bWVkaWE%3D=https%3A%2F%2Ffresk.dev.cocon.center%2F4132e53b-2b21-4548-9ed5-25c675054e29%2Fuploads%2FEYm7eWRtZOBVzoHvDF353S1pg3rpZ5dMbhHSVRGu-optimized.webp&customField__Q292ZXItZmllbGRUeXBlfGhpZGRlbg%3D%3D=image&customField__Q292ZXIteHxoaWRkZW4%3D=0.5&customField__Q292ZXIteXxoaWRkZW4%3D=0.5&customField__QWRkaXRpb25hbHxpbnB1dFRleHQ%3D=Deleniti+laboriosam&customField__SGVhZGxpbmV8dGV4dGFyZWE%3D=Sunt+nulla+id+veniam&primary_color=f25e7a&secondary_color=022873&tertiary_color=05c7f2&animation_style=blur-focus",
    "animationStyle": "blur-focus"
  },
  "width": 1080,
  "height": 1350,
  "fps": 30,
  "durationInSeconds": 8
}
[2026-03-19T08:20:03.218Z] Parsed template: html-animator
[2026-03-19T08:20:03.218Z] Parsed inputProps
{
  "templateUrl": "https://fresk.dev.cocon.center/campaigns/9/19/_template/a15513c5-60d8-4db8-9037-a79453c55183/index.html?index=0&key=remotion&customField__Q292ZXJ8bWVkaWE%3D=https%3A%2F%2Ffresk.dev.cocon.center%2F4132e53b-2b21-4548-9ed5-25c675054e29%2Fuploads%2FEYm7eWRtZOBVzoHvDF353S1pg3rpZ5dMbhHSVRGu-optimized.webp&customField__Q292ZXItZmllbGRUeXBlfGhpZGRlbg%3D%3D=image&customField__Q292ZXIteHxoaWRkZW4%3D=0.5&customField__Q292ZXIteXxoaWRkZW4%3D=0.5&customField__QWRkaXRpb25hbHxpbnB1dFRleHQ%3D=Deleniti+laboriosam&customField__SGVhZGxpbmV8dGV4dGFyZWE%3D=Sunt+nulla+id+veniam&primary_color=f25e7a&secondary_color=022873&tertiary_color=05c7f2&animation_style=blur-focus",
  "animationStyle": "blur-focus"
}
[2026-03-19T08:20:03.220Z] InputProps validation OK
[2026-03-20T12:25:41.269Z] === RENDER REQUEST ===
[2026-03-20T12:25:41.271Z] Raw body
{
  "template": "html-animator",
  "inputProps": {
    "templateUrl": "https://fresk.dev.cocon.center/campaigns/9/19/_template/a15513c5-60d8-4db8-9037-a79453c55183/index.html?index=0&key=remotion&customField__Q292ZXJ8bWVkaWE%3D=&customField__Q292ZXItZmllbGRUeXBlfGhpZGRlbg%3D%3D=image&customField__Q292ZXIteHxoaWRkZW4%3D=0.5&customField__Q292ZXIteXxoaWRkZW4%3D=0.5&customField__QWRkaXRpb25hbHxpbnB1dFRleHQ%3D=This+is+additional&customField__SGVhZGxpbmV8dGV4dGFyZWE%3D=This+is+the+headline&primary_color=f25e7a&secondary_color=022873&tertiary_color=05c7f2&animation_style=blur-focus",
    "animationStyle": "blur-focus"
  },
  "width": 1080,
  "height": 1350,
  "fps": 30,
  "durationInSeconds": 8
}
[2026-03-20T12:25:41.273Z] Parsed template: html-animator
[2026-03-20T12:25:41.273Z] Parsed inputProps
{
  "templateUrl": "https://fresk.dev.cocon.center/campaigns/9/19/_template/a15513c5-60d8-4db8-9037-a79453c55183/index.html?index=0&key=remotion&customField__Q292ZXJ8bWVkaWE%3D=&customField__Q292ZXItZmllbGRUeXBlfGhpZGRlbg%3D%3D=image&customField__Q292ZXIteHxoaWRkZW4%3D=0.5&customField__Q292ZXIteXxoaWRkZW4%3D=0.5&customField__QWRkaXRpb25hbHxpbnB1dFRleHQ%3D=This+is+additional&customField__SGVhZGxpbmV8dGV4dGFyZWE%3D=This+is+the+headline&primary_color=f25e7a&secondary_color=022873&tertiary_color=05c7f2&animation_style=blur-focus",
  "animationStyle": "blur-focus"
}
[2026-03-20T12:25:41.274Z] InputProps validation OK
[2026-03-20T12:26:51.146Z] === RENDER REQUEST ===
[2026-03-20T12:26:51.146Z] Raw body
{
  "template": "html-animator",
  "inputProps": {
    "templateUrl": "https://fresk.dev.cocon.center/campaigns/9/19/_template/a15513c5-60d8-4db8-9037-a79453c55183/index.html?index=0&key=remotion&customField__Q292ZXJ8bWVkaWE%3D=&customField__Q292ZXItZmllbGRUeXBlfGhpZGRlbg%3D%3D=image&customField__Q292ZXIteHxoaWRkZW4%3D=0.5&customField__Q292ZXIteXxoaWRkZW4%3D=0.5&customField__QWRkaXRpb25hbHxpbnB1dFRleHQ%3D=This+is+additional&customField__SGVhZGxpbmV8dGV4dGFyZWE%3D=This+is+the+headline&primary_color=f25e7a&secondary_color=022873&tertiary_color=05c7f2&animation_style=slide-in",
    "animationStyle": "slide-in"
  },
  "width": 1080,
  "height": 1350,
  "fps": 30,
  "durationInSeconds": 8
}
[2026-03-20T12:26:51.148Z] Parsed template: html-animator
[2026-03-20T12:26:51.148Z] Parsed inputProps
{
  "templateUrl": "https://fresk.dev.cocon.center/campaigns/9/19/_template/a15513c5-60d8-4db8-9037-a79453c55183/index.html?index=0&key=remotion&customField__Q292ZXJ8bWVkaWE%3D=&customField__Q292ZXItZmllbGRUeXBlfGhpZGRlbg%3D%3D=image&customField__Q292ZXIteHxoaWRkZW4%3D=0.5&customField__Q292ZXIteXxoaWRkZW4%3D=0.5&customField__QWRkaXRpb25hbHxpbnB1dFRleHQ%3D=This+is+additional&customField__SGVhZGxpbmV8dGV4dGFyZWE%3D=This+is+the+headline&primary_color=f25e7a&secondary_color=022873&tertiary_color=05c7f2&animation_style=slide-in",
  "animationStyle": "slide-in"
}
[2026-03-20T12:26:51.148Z] InputProps validation OK
